test.o:
Mach header
      magic cputype cpusubtype  caps    filetype ncmds sizeofcmds      flags
 0xfeedfacf 16777223          3  0x00           1     4        352 0x00002000
Load command 0
      cmd LC_SEGMENT_64
  cmdsize 232
  segname 
   vmaddr 0x0000000000000000
   vmsize 0x0000000000000070
  fileoff 384
 filesize 112
  maxprot 0x00000007
 initprot 0x00000007
   nsects 2
    flags 0x0
Section
  sectname __text
   segname __TEXT
      addr 0x0000000000000000
      size 0x000000000000001d
    offset 384
     align 2^0 (1)
    reloff 0
    nreloc 0
     flags 0x80000400
 reserved1 0
 reserved2 0
Section
  sectname __eh_frame
   segname __TEXT
      addr 0x0000000000000020
      size 0x0000000000000050
    offset 416
     align 2^3 (8)
    reloff 496
    nreloc 2
     flags 0x6800000b
 reserved1 0
 reserved2 0
Load command 1
      cmd LC_VERSION_MIN_MACOSX
  cmdsize 16
  version 10.12
      sdk n/a
Load command 2
     cmd LC_SYMTAB
 cmdsize 24
  symoff 512
   nsyms 2
  stroff 544
 strsize 20
Load command 3
            cmd LC_DYSYMTAB
        cmdsize 80
      ilocalsym 0
      nlocalsym 1
     iextdefsym 1
     nextdefsym 1
      iundefsym 2
      nundefsym 0
         tocoff 0
           ntoc 0
      modtaboff 0
        nmodtab 0
   extrefsymoff 0
    nextrefsyms 0
 indirectsymoff 0
  nindirectsyms 0
      extreloff 0
        nextrel 0
      locreloff 0
        nlocrel 0
